<<<<<<< HEAD
06.06.2023 12:16:07: |139648465235392|I| 16 firmware images on SD card:
06.06.2023 12:16:07: |139648465235392|I|  - GoldenImage.bin
06.06.2023 12:16:07: |139648465235392|I|  - QUAD_ELE_RD53A_v4-5_re.bit
06.06.2023 12:16:07: |139648465235392|I|  - SCC_L12-KSU-L8-KSU_1G28_v41.bit
06.06.2023 12:16:07: |139648465235392|I|  - QUAD_ELE_CROC_v4-5.bit
06.06.2023 12:16:07: |139648465235392|I|  - SCC_ELE_CROC_v4-6.bit
06.06.2023 12:16:07: |139648465235392|I|  - QUAD_ELE_CROC_v4-6.bit
06.06.2023 12:16:07: |139648465235392|I|  - SCC_ELE_RD53A_v4-6.bit
06.06.2023 12:16:07: |139648465235392|I|  - QUAD_ELE_RD53A_v4-6.bit
06.06.2023 12:16:07: |139648465235392|I|  - IT4_02__RD53A_x1G28.bit
06.06.2023 12:16:07: |139648465235392|I|  - IT-L12K4SCC-RD53A.bit
06.06.2023 12:16:07: |139648465235392|I|  - IT-RD53A-QUAD-v4_02.bit
06.06.2023 12:16:07: |139648465235392|I|  - IT_L12K4SCC_ELE_RD53.bit
06.06.2023 12:16:07: |139648465235392|I|  - IT_L12K4SCC_ELE_CROC.bit
06.06.2023 12:16:07: |139648465235392|I|  - IT_L12-KSU-3QUAD_ELE_RD53A.bit
06.06.2023 12:16:07: |139648465235392|I|  - SCC_ELE_RD53A_v4-5.bit
06.06.2023 12:16:07: |139648465235392|I|  - QUAD_ELE_RD53A_v4-5.bit
06.06.2023 12:16:07: |140408608619968|I| [1m[34mLoading SCC_ELE_RD53A_v4-6.bit into the FPGA...[0m
06.06.2023 12:16:12: |140408608619968|I| Firmware image: SCC_ELE_RD53A_v4-6.bit loaded on FPGA
06.06.2023 12:16:12: |140408608619968|I| [1m[34m>>> Done <<<[0m
06.06.2023 12:28:01: |140496856600000|I| 16 firmware images on SD card:
06.06.2023 12:28:01: |140496856600000|I|  - GoldenImage.bin
06.06.2023 12:28:01: |140496856600000|I|  - QUAD_ELE_RD53A_v4-5_re.bit
06.06.2023 12:28:01: |140496856600000|I|  - SCC_L12-KSU-L8-KSU_1G28_v41.bit
06.06.2023 12:28:01: |140496856600000|I|  - QUAD_ELE_CROC_v4-5.bit
06.06.2023 12:28:01: |140496856600000|I|  - SCC_ELE_CROC_v4-6.bit
06.06.2023 12:28:01: |140496856600000|I|  - QUAD_ELE_CROC_v4-6.bit
06.06.2023 12:28:01: |140496856600000|I|  - SCC_ELE_RD53A_v4-6.bit
06.06.2023 12:28:01: |140496856600000|I|  - QUAD_ELE_RD53A_v4-6.bit
06.06.2023 12:28:01: |140496856600000|I|  - IT4_02__RD53A_x1G28.bit
06.06.2023 12:28:01: |140496856600000|I|  - IT-L12K4SCC-RD53A.bit
06.06.2023 12:28:01: |140496856600000|I|  - IT-RD53A-QUAD-v4_02.bit
06.06.2023 12:28:01: |140496856600000|I|  - IT_L12K4SCC_ELE_RD53.bit
06.06.2023 12:28:01: |140496856600000|I|  - IT_L12K4SCC_ELE_CROC.bit
06.06.2023 12:28:01: |140496856600000|I|  - IT_L12-KSU-3QUAD_ELE_RD53A.bit
06.06.2023 12:28:01: |140496856600000|I|  - SCC_ELE_RD53A_v4-5.bit
06.06.2023 12:28:01: |140496856600000|I|  - QUAD_ELE_RD53A_v4-5.bit
06.06.2023 12:28:01: |139988432190912|I| [1m[34mLoading SCC_ELE_RD53A_v4-6.bit into the FPGA...[0m
06.06.2023 12:28:06: |139988432190912|I| Firmware image: SCC_ELE_RD53A_v4-6.bit loaded on FPGA
06.06.2023 12:28:06: |139988432190912|I| [1m[34m>>> Done <<<[0m
06.06.2023 12:32:04: |140559617310144|I| 16 firmware images on SD card:
06.06.2023 12:32:04: |140559617310144|I|  - GoldenImage.bin
06.06.2023 12:32:04: |140559617310144|I|  - QUAD_ELE_RD53A_v4-5_re.bit
06.06.2023 12:32:04: |140559617310144|I|  - SCC_L12-KSU-L8-KSU_1G28_v41.bit
06.06.2023 12:32:04: |140559617310144|I|  - QUAD_ELE_CROC_v4-5.bit
06.06.2023 12:32:04: |140559617310144|I|  - SCC_ELE_CROC_v4-6.bit
06.06.2023 12:32:04: |140559617310144|I|  - QUAD_ELE_CROC_v4-6.bit
06.06.2023 12:32:04: |140559617310144|I|  - SCC_ELE_RD53A_v4-6.bit
06.06.2023 12:32:04: |140559617310144|I|  - QUAD_ELE_RD53A_v4-6.bit
06.06.2023 12:32:04: |140559617310144|I|  - IT4_02__RD53A_x1G28.bit
06.06.2023 12:32:04: |140559617310144|I|  - IT-L12K4SCC-RD53A.bit
06.06.2023 12:32:04: |140559617310144|I|  - IT-RD53A-QUAD-v4_02.bit
06.06.2023 12:32:04: |140559617310144|I|  - IT_L12K4SCC_ELE_RD53.bit
06.06.2023 12:32:04: |140559617310144|I|  - IT_L12K4SCC_ELE_CROC.bit
06.06.2023 12:32:04: |140559617310144|I|  - IT_L12-KSU-3QUAD_ELE_RD53A.bit
06.06.2023 12:32:04: |140559617310144|I|  - SCC_ELE_RD53A_v4-5.bit
06.06.2023 12:32:04: |140559617310144|I|  - QUAD_ELE_RD53A_v4-5.bit
06.06.2023 12:32:04: |140080446262720|I| [1m[34mLoading SCC_ELE_RD53A_v4-6.bit into the FPGA...[0m
06.06.2023 12:32:09: |140080446262720|I| Firmware image: SCC_ELE_RD53A_v4-6.bit loaded on FPGA
06.06.2023 12:32:09: |140080446262720|I| [1m[34m>>> Done <<<[0m
06.06.2023 12:43:32: |139914466921920|I| 16 firmware images on SD card:
06.06.2023 12:43:32: |139914466921920|I|  - GoldenImage.bin
06.06.2023 12:43:32: |139914466921920|I|  - QUAD_ELE_RD53A_v4-5_re.bit
06.06.2023 12:43:32: |139914466921920|I|  - SCC_L12-KSU-L8-KSU_1G28_v41.bit
06.06.2023 12:43:32: |139914466921920|I|  - QUAD_ELE_CROC_v4-5.bit
06.06.2023 12:43:32: |139914466921920|I|  - SCC_ELE_CROC_v4-6.bit
06.06.2023 12:43:32: |139914466921920|I|  - QUAD_ELE_CROC_v4-6.bit
06.06.2023 12:43:32: |139914466921920|I|  - SCC_ELE_RD53A_v4-6.bit
06.06.2023 12:43:32: |139914466921920|I|  - QUAD_ELE_RD53A_v4-6.bit
06.06.2023 12:43:32: |139914466921920|I|  - IT4_02__RD53A_x1G28.bit
06.06.2023 12:43:32: |139914466921920|I|  - IT-L12K4SCC-RD53A.bit
06.06.2023 12:43:32: |139914466921920|I|  - IT-RD53A-QUAD-v4_02.bit
06.06.2023 12:43:32: |139914466921920|I|  - IT_L12K4SCC_ELE_RD53.bit
06.06.2023 12:43:32: |139914466921920|I|  - IT_L12K4SCC_ELE_CROC.bit
06.06.2023 12:43:32: |139914466921920|I|  - IT_L12-KSU-3QUAD_ELE_RD53A.bit
06.06.2023 12:43:32: |139914466921920|I|  - SCC_ELE_RD53A_v4-5.bit
06.06.2023 12:43:32: |139914466921920|I|  - QUAD_ELE_RD53A_v4-5.bit
06.06.2023 12:43:32: |140505777524160|I| [1m[34mLoading SCC_ELE_RD53A_v4-6.bit into the FPGA...[0m
06.06.2023 12:43:38: |140505777524160|I| Firmware image: SCC_ELE_RD53A_v4-6.bit loaded on FPGA
06.06.2023 12:43:38: |140505777524160|I| [1m[34m>>> Done <<<[0m
06.06.2023 14:00:39: |139955112910272|I| 16 firmware images on SD card:
06.06.2023 14:00:39: |139955112910272|I|  - GoldenImage.bin
06.06.2023 14:00:39: |139955112910272|I|  - QUAD_ELE_RD53A_v4-5_re.bit
06.06.2023 14:00:39: |139955112910272|I|  - SCC_L12-KSU-L8-KSU_1G28_v41.bit
06.06.2023 14:00:39: |139955112910272|I|  - QUAD_ELE_CROC_v4-5.bit
06.06.2023 14:00:39: |139955112910272|I|  - SCC_ELE_CROC_v4-6.bit
06.06.2023 14:00:39: |139955112910272|I|  - QUAD_ELE_CROC_v4-6.bit
06.06.2023 14:00:39: |139955112910272|I|  - SCC_ELE_RD53A_v4-6.bit
06.06.2023 14:00:39: |139955112910272|I|  - QUAD_ELE_RD53A_v4-6.bit
06.06.2023 14:00:39: |139955112910272|I|  - IT4_02__RD53A_x1G28.bit
06.06.2023 14:00:39: |139955112910272|I|  - IT-L12K4SCC-RD53A.bit
06.06.2023 14:00:39: |139955112910272|I|  - IT-RD53A-QUAD-v4_02.bit
06.06.2023 14:00:39: |139955112910272|I|  - IT_L12K4SCC_ELE_RD53.bit
06.06.2023 14:00:39: |139955112910272|I|  - IT_L12K4SCC_ELE_CROC.bit
06.06.2023 14:00:39: |139955112910272|I|  - IT_L12-KSU-3QUAD_ELE_RD53A.bit
06.06.2023 14:00:39: |139955112910272|I|  - SCC_ELE_RD53A_v4-5.bit
06.06.2023 14:00:39: |139955112910272|I|  - QUAD_ELE_RD53A_v4-5.bit
06.06.2023 14:00:39: |140430212644288|I| [1m[34mLoading QUAD_ELE_RD53A_v4-6.bit into the FPGA...[0m
06.06.2023 14:00:44: |140430212644288|I| Firmware image: QUAD_ELE_RD53A_v4-6.bit loaded on FPGA
06.06.2023 14:00:44: |140430212644288|I| [1m[34m>>> Done <<<[0m
06.06.2023 14:03:25: |140368620105152|I| 16 firmware images on SD card:
06.06.2023 14:03:25: |140368620105152|I|  - GoldenImage.bin
06.06.2023 14:03:25: |140368620105152|I|  - QUAD_ELE_RD53A_v4-5_re.bit
06.06.2023 14:03:25: |140368620105152|I|  - SCC_L12-KSU-L8-KSU_1G28_v41.bit
06.06.2023 14:03:25: |140368620105152|I|  - QUAD_ELE_CROC_v4-5.bit
06.06.2023 14:03:25: |140368620105152|I|  - SCC_ELE_CROC_v4-6.bit
06.06.2023 14:03:25: |140368620105152|I|  - QUAD_ELE_CROC_v4-6.bit
06.06.2023 14:03:25: |140368620105152|I|  - SCC_ELE_RD53A_v4-6.bit
06.06.2023 14:03:25: |140368620105152|I|  - QUAD_ELE_RD53A_v4-6.bit
06.06.2023 14:03:25: |140368620105152|I|  - IT4_02__RD53A_x1G28.bit
06.06.2023 14:03:25: |140368620105152|I|  - IT-L12K4SCC-RD53A.bit
06.06.2023 14:03:25: |140368620105152|I|  - IT-RD53A-QUAD-v4_02.bit
06.06.2023 14:03:25: |140368620105152|I|  - IT_L12K4SCC_ELE_RD53.bit
06.06.2023 14:03:25: |140368620105152|I|  - IT_L12K4SCC_ELE_CROC.bit
06.06.2023 14:03:25: |140368620105152|I|  - IT_L12-KSU-3QUAD_ELE_RD53A.bit
06.06.2023 14:03:25: |140368620105152|I|  - SCC_ELE_RD53A_v4-5.bit
06.06.2023 14:03:25: |140368620105152|I|  - QUAD_ELE_RD53A_v4-5.bit
06.06.2023 14:03:25: |140494798294464|I| [1m[34mLoading QUAD_ELE_RD53A_v4-6.bit into the FPGA...[0m
06.06.2023 14:03:30: |140494798294464|I| Firmware image: QUAD_ELE_RD53A_v4-6.bit loaded on FPGA
06.06.2023 14:03:30: |140494798294464|I| [1m[34m>>> Done <<<[0m
06.06.2023 14:05:28: |140598892109248|I| 16 firmware images on SD card:
06.06.2023 14:05:28: |140598892109248|I|  - GoldenImage.bin
06.06.2023 14:05:28: |140598892109248|I|  - QUAD_ELE_RD53A_v4-5_re.bit
06.06.2023 14:05:28: |140598892109248|I|  - SCC_L12-KSU-L8-KSU_1G28_v41.bit
06.06.2023 14:05:28: |140598892109248|I|  - QUAD_ELE_CROC_v4-5.bit
06.06.2023 14:05:28: |140598892109248|I|  - SCC_ELE_CROC_v4-6.bit
06.06.2023 14:05:28: |140598892109248|I|  - QUAD_ELE_CROC_v4-6.bit
06.06.2023 14:05:28: |140598892109248|I|  - SCC_ELE_RD53A_v4-6.bit
06.06.2023 14:05:28: |140598892109248|I|  - QUAD_ELE_RD53A_v4-6.bit
06.06.2023 14:05:28: |140598892109248|I|  - IT4_02__RD53A_x1G28.bit
06.06.2023 14:05:28: |140598892109248|I|  - IT-L12K4SCC-RD53A.bit
06.06.2023 14:05:28: |140598892109248|I|  - IT-RD53A-QUAD-v4_02.bit
06.06.2023 14:05:28: |140598892109248|I|  - IT_L12K4SCC_ELE_RD53.bit
06.06.2023 14:05:28: |140598892109248|I|  - IT_L12K4SCC_ELE_CROC.bit
06.06.2023 14:05:28: |140598892109248|I|  - IT_L12-KSU-3QUAD_ELE_RD53A.bit
06.06.2023 14:05:28: |140598892109248|I|  - SCC_ELE_RD53A_v4-5.bit
06.06.2023 14:05:28: |140598892109248|I|  - QUAD_ELE_RD53A_v4-5.bit
06.06.2023 14:05:28: |139886493744576|I| [1m[34mLoading QUAD_ELE_RD53A_v4-6.bit into the FPGA...[0m
06.06.2023 14:05:33: |139886493744576|I| Firmware image: QUAD_ELE_RD53A_v4-6.bit loaded on FPGA
06.06.2023 14:05:33: |139886493744576|I| [1m[34m>>> Done <<<[0m
06.06.2023 14:07:10: |139707141242304|I| 16 firmware images on SD card:
06.06.2023 14:07:10: |139707141242304|I|  - GoldenImage.bin
06.06.2023 14:07:10: |139707141242304|I|  - QUAD_ELE_RD53A_v4-5_re.bit
06.06.2023 14:07:10: |139707141242304|I|  - SCC_L12-KSU-L8-KSU_1G28_v41.bit
06.06.2023 14:07:10: |139707141242304|I|  - QUAD_ELE_CROC_v4-5.bit
06.06.2023 14:07:10: |139707141242304|I|  - SCC_ELE_CROC_v4-6.bit
06.06.2023 14:07:10: |139707141242304|I|  - QUAD_ELE_CROC_v4-6.bit
06.06.2023 14:07:10: |139707141242304|I|  - SCC_ELE_RD53A_v4-6.bit
06.06.2023 14:07:10: |139707141242304|I|  - QUAD_ELE_RD53A_v4-6.bit
06.06.2023 14:07:10: |139707141242304|I|  - IT4_02__RD53A_x1G28.bit
06.06.2023 14:07:10: |139707141242304|I|  - IT-L12K4SCC-RD53A.bit
06.06.2023 14:07:10: |139707141242304|I|  - IT-RD53A-QUAD-v4_02.bit
06.06.2023 14:07:10: |139707141242304|I|  - IT_L12K4SCC_ELE_RD53.bit
06.06.2023 14:07:10: |139707141242304|I|  - IT_L12K4SCC_ELE_CROC.bit
06.06.2023 14:07:10: |139707141242304|I|  - IT_L12-KSU-3QUAD_ELE_RD53A.bit
06.06.2023 14:07:10: |139707141242304|I|  - SCC_ELE_RD53A_v4-5.bit
06.06.2023 14:07:10: |139707141242304|I|  - QUAD_ELE_RD53A_v4-5.bit
06.06.2023 14:07:10: |139943334342080|I| [1m[34mLoading QUAD_ELE_RD53A_v4-6.bit into the FPGA...[0m
06.06.2023 14:07:15: |139943334342080|I| Firmware image: QUAD_ELE_RD53A_v4-6.bit loaded on FPGA
06.06.2023 14:07:15: |139943334342080|I| [1m[34m>>> Done <<<[0m
06.06.2023 14:14:08: |139885519318464|I| 16 firmware images on SD card:
06.06.2023 14:14:08: |139885519318464|I|  - GoldenImage.bin
06.06.2023 14:14:08: |139885519318464|I|  - QUAD_ELE_RD53A_v4-5_re.bit
06.06.2023 14:14:08: |139885519318464|I|  - SCC_L12-KSU-L8-KSU_1G28_v41.bit
06.06.2023 14:14:08: |139885519318464|I|  - QUAD_ELE_CROC_v4-5.bit
06.06.2023 14:14:08: |139885519318464|I|  - SCC_ELE_CROC_v4-6.bit
06.06.2023 14:14:08: |139885519318464|I|  - QUAD_ELE_CROC_v4-6.bit
06.06.2023 14:14:08: |139885519318464|I|  - SCC_ELE_RD53A_v4-6.bit
06.06.2023 14:14:08: |139885519318464|I|  - QUAD_ELE_RD53A_v4-6.bit
06.06.2023 14:14:08: |139885519318464|I|  - IT4_02__RD53A_x1G28.bit
06.06.2023 14:14:08: |139885519318464|I|  - IT-L12K4SCC-RD53A.bit
06.06.2023 14:14:08: |139885519318464|I|  - IT-RD53A-QUAD-v4_02.bit
06.06.2023 14:14:08: |139885519318464|I|  - IT_L12K4SCC_ELE_RD53.bit
06.06.2023 14:14:08: |139885519318464|I|  - IT_L12K4SCC_ELE_CROC.bit
06.06.2023 14:14:08: |139885519318464|I|  - IT_L12-KSU-3QUAD_ELE_RD53A.bit
06.06.2023 14:14:08: |139885519318464|I|  - SCC_ELE_RD53A_v4-5.bit
06.06.2023 14:14:08: |139885519318464|I|  - QUAD_ELE_RD53A_v4-5.bit
06.06.2023 14:14:08: |139822403669440|I| [1m[34mLoading QUAD_ELE_RD53A_v4-6.bit into the FPGA...[0m
06.06.2023 14:14:13: |139822403669440|I| Firmware image: QUAD_ELE_RD53A_v4-6.bit loaded on FPGA
06.06.2023 14:14:13: |139822403669440|I| [1m[34m>>> Done <<<[0m
06.06.2023 14:16:23: |139953658129856|I| 16 firmware images on SD card:
06.06.2023 14:16:23: |139953658129856|I|  - GoldenImage.bin
06.06.2023 14:16:23: |139953658129856|I|  - QUAD_ELE_RD53A_v4-5_re.bit
06.06.2023 14:16:23: |139953658129856|I|  - SCC_L12-KSU-L8-KSU_1G28_v41.bit
06.06.2023 14:16:23: |139953658129856|I|  - QUAD_ELE_CROC_v4-5.bit
06.06.2023 14:16:23: |139953658129856|I|  - SCC_ELE_CROC_v4-6.bit
06.06.2023 14:16:23: |139953658129856|I|  - QUAD_ELE_CROC_v4-6.bit
06.06.2023 14:16:23: |139953658129856|I|  - SCC_ELE_RD53A_v4-6.bit
06.06.2023 14:16:23: |139953658129856|I|  - QUAD_ELE_RD53A_v4-6.bit
06.06.2023 14:16:23: |139953658129856|I|  - IT4_02__RD53A_x1G28.bit
06.06.2023 14:16:23: |139953658129856|I|  - IT-L12K4SCC-RD53A.bit
06.06.2023 14:16:23: |139953658129856|I|  - IT-RD53A-QUAD-v4_02.bit
06.06.2023 14:16:23: |139953658129856|I|  - IT_L12K4SCC_ELE_RD53.bit
06.06.2023 14:16:23: |139953658129856|I|  - IT_L12K4SCC_ELE_CROC.bit
06.06.2023 14:16:23: |139953658129856|I|  - IT_L12-KSU-3QUAD_ELE_RD53A.bit
06.06.2023 14:16:23: |139953658129856|I|  - SCC_ELE_RD53A_v4-5.bit
06.06.2023 14:16:23: |139953658129856|I|  - QUAD_ELE_RD53A_v4-5.bit
06.06.2023 14:16:23: |140595446869440|I| [1m[34mLoading QUAD_ELE_RD53A_v4-6.bit into the FPGA...[0m
06.06.2023 14:16:28: |140595446869440|I| Firmware image: QUAD_ELE_RD53A_v4-6.bit loaded on FPGA
06.06.2023 14:16:28: |140595446869440|I| [1m[34m>>> Done <<<[0m
06.06.2023 14:32:39: |140664630988224|I| 16 firmware images on SD card:
06.06.2023 14:32:39: |140664630988224|I|  - GoldenImage.bin
06.06.2023 14:32:39: |140664630988224|I|  - QUAD_ELE_RD53A_v4-5_re.bit
06.06.2023 14:32:39: |140664630988224|I|  - SCC_L12-KSU-L8-KSU_1G28_v41.bit
06.06.2023 14:32:39: |140664630988224|I|  - QUAD_ELE_CROC_v4-5.bit
06.06.2023 14:32:39: |140664630988224|I|  - SCC_ELE_CROC_v4-6.bit
06.06.2023 14:32:39: |140664630988224|I|  - QUAD_ELE_CROC_v4-6.bit
06.06.2023 14:32:39: |140664630988224|I|  - SCC_ELE_RD53A_v4-6.bit
06.06.2023 14:32:39: |140664630988224|I|  - QUAD_ELE_RD53A_v4-6.bit
06.06.2023 14:32:39: |140664630988224|I|  - IT4_02__RD53A_x1G28.bit
06.06.2023 14:32:39: |140664630988224|I|  - IT-L12K4SCC-RD53A.bit
06.06.2023 14:32:39: |140664630988224|I|  - IT-RD53A-QUAD-v4_02.bit
06.06.2023 14:32:39: |140664630988224|I|  - IT_L12K4SCC_ELE_RD53.bit
06.06.2023 14:32:39: |140664630988224|I|  - IT_L12K4SCC_ELE_CROC.bit
06.06.2023 14:32:39: |140664630988224|I|  - IT_L12-KSU-3QUAD_ELE_RD53A.bit
06.06.2023 14:32:39: |140664630988224|I|  - SCC_ELE_RD53A_v4-5.bit
06.06.2023 14:32:39: |140664630988224|I|  - QUAD_ELE_RD53A_v4-5.bit
06.06.2023 14:32:39: |140419888950720|I| [1m[34mLoading QUAD_ELE_RD53A_v4-6.bit into the FPGA...[0m
06.06.2023 14:32:44: |140419888950720|I| Firmware image: QUAD_ELE_RD53A_v4-6.bit loaded on FPGA
06.06.2023 14:32:44: |140419888950720|I| [1m[34m>>> Done <<<[0m
=======
<<<<<<< HEAD
06.06.2023 10:55:05: |139920292158912|I| 16 firmware images on SD card:
06.06.2023 10:55:05: |139920292158912|I|  - GoldenImage.bin
06.06.2023 10:55:05: |139920292158912|I|  - QUAD_ELE_RD53A_v4-5_re.bit
06.06.2023 10:55:05: |139920292158912|I|  - SCC_L12-KSU-L8-KSU_1G28_v41.bit
06.06.2023 10:55:05: |139920292158912|I|  - QUAD_ELE_CROC_v4-5.bit
06.06.2023 10:55:05: |139920292158912|I|  - SCC_ELE_CROC_v4-6.bit
06.06.2023 10:55:05: |139920292158912|I|  - QUAD_ELE_CROC_v4-6.bit
06.06.2023 10:55:05: |139920292158912|I|  - SCC_ELE_RD53A_v4-6.bit
06.06.2023 10:55:05: |139920292158912|I|  - QUAD_ELE_RD53A_v4-6.bit
06.06.2023 10:55:05: |139920292158912|I|  - IT4_02__RD53A_x1G28.bit
06.06.2023 10:55:05: |139920292158912|I|  - IT-L12K4SCC-RD53A.bit
06.06.2023 10:55:05: |139920292158912|I|  - IT-RD53A-QUAD-v4_02.bit
06.06.2023 10:55:05: |139920292158912|I|  - IT_L12K4SCC_ELE_RD53.bit
06.06.2023 10:55:05: |139920292158912|I|  - IT_L12K4SCC_ELE_CROC.bit
06.06.2023 10:55:05: |139920292158912|I|  - IT_L12-KSU-3QUAD_ELE_RD53A.bit
06.06.2023 10:55:05: |139920292158912|I|  - SCC_ELE_RD53A_v4-5.bit
06.06.2023 10:55:05: |139920292158912|I|  - QUAD_ELE_RD53A_v4-5.bit
06.06.2023 10:55:05: |140034512207296|I| [1m[34mLoading SCC_ELE_RD53A_v4-6.bit into the FPGA...[0m
06.06.2023 10:55:10: |140034512207296|I| Firmware image: SCC_ELE_RD53A_v4-6.bit loaded on FPGA
06.06.2023 10:55:10: |140034512207296|I| [1m[34m>>> Done <<<[0m
=======
06.06.2023 10:10:37: |140208424627648|I| 16 firmware images on SD card:
06.06.2023 10:10:37: |140208424627648|I|  - GoldenImage.bin
06.06.2023 10:10:37: |140208424627648|I|  - QUAD_ELE_RD53A_v4-5_re.bit
06.06.2023 10:10:37: |140208424627648|I|  - SCC_L12-KSU-L8-KSU_1G28_v41.bit
06.06.2023 10:10:37: |140208424627648|I|  - QUAD_ELE_CROC_v4-5.bit
06.06.2023 10:10:37: |140208424627648|I|  - SCC_ELE_CROC_v4-6.bit
06.06.2023 10:10:37: |140208424627648|I|  - QUAD_ELE_CROC_v4-6.bit
06.06.2023 10:10:37: |140208424627648|I|  - SCC_ELE_RD53A_v4-6.bit
06.06.2023 10:10:37: |140208424627648|I|  - QUAD_ELE_RD53A_v4-6.bit
06.06.2023 10:10:37: |140208424627648|I|  - IT4_02__RD53A_x1G28.bit
06.06.2023 10:10:37: |140208424627648|I|  - IT-L12K4SCC-RD53A.bit
06.06.2023 10:10:37: |140208424627648|I|  - IT-RD53A-QUAD-v4_02.bit
06.06.2023 10:10:37: |140208424627648|I|  - IT_L12K4SCC_ELE_RD53.bit
06.06.2023 10:10:37: |140208424627648|I|  - IT_L12K4SCC_ELE_CROC.bit
06.06.2023 10:10:37: |140208424627648|I|  - IT_L12-KSU-3QUAD_ELE_RD53A.bit
06.06.2023 10:10:37: |140208424627648|I|  - SCC_ELE_RD53A_v4-5.bit
06.06.2023 10:10:37: |140208424627648|I|  - QUAD_ELE_RD53A_v4-5.bit
06.06.2023 10:10:37: |140100934954432|I| [1m[34mLoading SCC_ELE_RD53A_v4-6.bit into the FPGA...[0m
06.06.2023 10:10:43: |140100934954432|I| Firmware image: SCC_ELE_RD53A_v4-6.bit loaded on FPGA
06.06.2023 10:10:43: |140100934954432|I| [1m[34m>>> Done <<<[0m
06.06.2023 10:12:53: |139946359885248|I| 16 firmware images on SD card:
06.06.2023 10:12:53: |139946359885248|I|  - GoldenImage.bin
06.06.2023 10:12:53: |139946359885248|I|  - QUAD_ELE_RD53A_v4-5_re.bit
06.06.2023 10:12:53: |139946359885248|I|  - SCC_L12-KSU-L8-KSU_1G28_v41.bit
06.06.2023 10:12:53: |139946359885248|I|  - QUAD_ELE_CROC_v4-5.bit
06.06.2023 10:12:53: |139946359885248|I|  - SCC_ELE_CROC_v4-6.bit
06.06.2023 10:12:53: |139946359885248|I|  - QUAD_ELE_CROC_v4-6.bit
06.06.2023 10:12:53: |139946359885248|I|  - SCC_ELE_RD53A_v4-6.bit
06.06.2023 10:12:53: |139946359885248|I|  - QUAD_ELE_RD53A_v4-6.bit
06.06.2023 10:12:53: |139946359885248|I|  - IT4_02__RD53A_x1G28.bit
06.06.2023 10:12:53: |139946359885248|I|  - IT-L12K4SCC-RD53A.bit
06.06.2023 10:12:53: |139946359885248|I|  - IT-RD53A-QUAD-v4_02.bit
06.06.2023 10:12:53: |139946359885248|I|  - IT_L12K4SCC_ELE_RD53.bit
06.06.2023 10:12:53: |139946359885248|I|  - IT_L12K4SCC_ELE_CROC.bit
06.06.2023 10:12:53: |139946359885248|I|  - IT_L12-KSU-3QUAD_ELE_RD53A.bit
06.06.2023 10:12:53: |139946359885248|I|  - SCC_ELE_RD53A_v4-5.bit
06.06.2023 10:12:53: |139946359885248|I|  - QUAD_ELE_RD53A_v4-5.bit
06.06.2023 10:12:53: |140386167705024|I| [1m[34mLoading SCC_ELE_RD53A_v4-6.bit into the FPGA...[0m
06.06.2023 10:12:58: |140386167705024|I| Firmware image: SCC_ELE_RD53A_v4-6.bit loaded on FPGA
06.06.2023 10:12:58: |140386167705024|I| [1m[34m>>> Done <<<[0m
06.06.2023 10:16:05: |140282551205312|I| 16 firmware images on SD card:
06.06.2023 10:16:05: |140282551205312|I|  - GoldenImage.bin
06.06.2023 10:16:05: |140282551205312|I|  - QUAD_ELE_RD53A_v4-5_re.bit
06.06.2023 10:16:05: |140282551205312|I|  - SCC_L12-KSU-L8-KSU_1G28_v41.bit
06.06.2023 10:16:05: |140282551205312|I|  - QUAD_ELE_CROC_v4-5.bit
06.06.2023 10:16:05: |140282551205312|I|  - SCC_ELE_CROC_v4-6.bit
06.06.2023 10:16:05: |140282551205312|I|  - QUAD_ELE_CROC_v4-6.bit
06.06.2023 10:16:05: |140282551205312|I|  - SCC_ELE_RD53A_v4-6.bit
06.06.2023 10:16:05: |140282551205312|I|  - QUAD_ELE_RD53A_v4-6.bit
06.06.2023 10:16:05: |140282551205312|I|  - IT4_02__RD53A_x1G28.bit
06.06.2023 10:16:05: |140282551205312|I|  - IT-L12K4SCC-RD53A.bit
06.06.2023 10:16:05: |140282551205312|I|  - IT-RD53A-QUAD-v4_02.bit
06.06.2023 10:16:05: |140282551205312|I|  - IT_L12K4SCC_ELE_RD53.bit
06.06.2023 10:16:05: |140282551205312|I|  - IT_L12K4SCC_ELE_CROC.bit
06.06.2023 10:16:05: |140282551205312|I|  - IT_L12-KSU-3QUAD_ELE_RD53A.bit
06.06.2023 10:16:05: |140282551205312|I|  - SCC_ELE_RD53A_v4-5.bit
06.06.2023 10:16:05: |140282551205312|I|  - QUAD_ELE_RD53A_v4-5.bit
06.06.2023 10:16:05: |140704244248000|I| [1m[34mLoading SCC_ELE_RD53A_v4-6.bit into the FPGA...[0m
06.06.2023 10:16:10: |140704244248000|I| Firmware image: SCC_ELE_RD53A_v4-6.bit loaded on FPGA
06.06.2023 10:16:10: |140704244248000|I| [1m[34m>>> Done <<<[0m
06.06.2023 10:16:12: |139800444886464|I| 16 firmware images on SD card:
06.06.2023 10:16:12: |139800444886464|I|  - GoldenImage.bin
06.06.2023 10:16:12: |139800444886464|I|  - QUAD_ELE_RD53A_v4-5_re.bit
06.06.2023 10:16:12: |139800444886464|I|  - SCC_L12-KSU-L8-KSU_1G28_v41.bit
06.06.2023 10:16:12: |139800444886464|I|  - QUAD_ELE_CROC_v4-5.bit
06.06.2023 10:16:12: |139800444886464|I|  - SCC_ELE_CROC_v4-6.bit
06.06.2023 10:16:12: |139800444886464|I|  - QUAD_ELE_CROC_v4-6.bit
06.06.2023 10:16:12: |139800444886464|I|  - SCC_ELE_RD53A_v4-6.bit
06.06.2023 10:16:12: |139800444886464|I|  - QUAD_ELE_RD53A_v4-6.bit
06.06.2023 10:16:12: |139800444886464|I|  - IT4_02__RD53A_x1G28.bit
06.06.2023 10:16:12: |139800444886464|I|  - IT-L12K4SCC-RD53A.bit
06.06.2023 10:16:12: |139800444886464|I|  - IT-RD53A-QUAD-v4_02.bit
06.06.2023 10:16:12: |139800444886464|I|  - IT_L12K4SCC_ELE_RD53.bit
06.06.2023 10:16:12: |139800444886464|I|  - IT_L12K4SCC_ELE_CROC.bit
06.06.2023 10:16:12: |139800444886464|I|  - IT_L12-KSU-3QUAD_ELE_RD53A.bit
06.06.2023 10:16:12: |139800444886464|I|  - SCC_ELE_RD53A_v4-5.bit
06.06.2023 10:16:12: |139800444886464|I|  - QUAD_ELE_RD53A_v4-5.bit
06.06.2023 10:16:12: |140276654927296|I| [1m[34mLoading SCC_ELE_RD53A_v4-6.bit into the FPGA...[0m
06.06.2023 10:16:17: |140276654927296|I| Firmware image: SCC_ELE_RD53A_v4-6.bit loaded on FPGA
06.06.2023 10:16:17: |140276654927296|I| [1m[34m>>> Done <<<[0m
06.06.2023 10:20:13: |139645006806464|I| 16 firmware images on SD card:
06.06.2023 10:20:13: |139645006806464|I|  - GoldenImage.bin
06.06.2023 10:20:13: |139645006806464|I|  - QUAD_ELE_RD53A_v4-5_re.bit
06.06.2023 10:20:13: |139645006806464|I|  - SCC_L12-KSU-L8-KSU_1G28_v41.bit
06.06.2023 10:20:13: |139645006806464|I|  - QUAD_ELE_CROC_v4-5.bit
06.06.2023 10:20:13: |139645006806464|I|  - SCC_ELE_CROC_v4-6.bit
06.06.2023 10:20:13: |139645006806464|I|  - QUAD_ELE_CROC_v4-6.bit
06.06.2023 10:20:13: |139645006806464|I|  - SCC_ELE_RD53A_v4-6.bit
06.06.2023 10:20:13: |139645006806464|I|  - QUAD_ELE_RD53A_v4-6.bit
06.06.2023 10:20:13: |139645006806464|I|  - IT4_02__RD53A_x1G28.bit
06.06.2023 10:20:13: |139645006806464|I|  - IT-L12K4SCC-RD53A.bit
06.06.2023 10:20:13: |139645006806464|I|  - IT-RD53A-QUAD-v4_02.bit
06.06.2023 10:20:13: |139645006806464|I|  - IT_L12K4SCC_ELE_RD53.bit
06.06.2023 10:20:13: |139645006806464|I|  - IT_L12K4SCC_ELE_CROC.bit
06.06.2023 10:20:13: |139645006806464|I|  - IT_L12-KSU-3QUAD_ELE_RD53A.bit
06.06.2023 10:20:13: |139645006806464|I|  - SCC_ELE_RD53A_v4-5.bit
06.06.2023 10:20:13: |139645006806464|I|  - QUAD_ELE_RD53A_v4-5.bit
06.06.2023 10:20:13: |140430072569280|I| [1m[34mLoading SCC_ELE_RD53A_v4-6.bit into the FPGA...[0m
06.06.2023 10:20:18: |140430072569280|I| Firmware image: SCC_ELE_RD53A_v4-6.bit loaded on FPGA
06.06.2023 10:20:18: |140430072569280|I| [1m[34m>>> Done <<<[0m
06.06.2023 10:22:35: |139910803131840|I| 16 firmware images on SD card:
06.06.2023 10:22:35: |139910803131840|I|  - GoldenImage.bin
06.06.2023 10:22:35: |139910803131840|I|  - QUAD_ELE_RD53A_v4-5_re.bit
06.06.2023 10:22:35: |139910803131840|I|  - SCC_L12-KSU-L8-KSU_1G28_v41.bit
06.06.2023 10:22:35: |139910803131840|I|  - QUAD_ELE_CROC_v4-5.bit
06.06.2023 10:22:35: |139910803131840|I|  - SCC_ELE_CROC_v4-6.bit
06.06.2023 10:22:35: |139910803131840|I|  - QUAD_ELE_CROC_v4-6.bit
06.06.2023 10:22:35: |139910803131840|I|  - SCC_ELE_RD53A_v4-6.bit
06.06.2023 10:22:35: |139910803131840|I|  - QUAD_ELE_RD53A_v4-6.bit
06.06.2023 10:22:35: |139910803131840|I|  - IT4_02__RD53A_x1G28.bit
06.06.2023 10:22:35: |139910803131840|I|  - IT-L12K4SCC-RD53A.bit
06.06.2023 10:22:35: |139910803131840|I|  - IT-RD53A-QUAD-v4_02.bit
06.06.2023 10:22:35: |139910803131840|I|  - IT_L12K4SCC_ELE_RD53.bit
06.06.2023 10:22:35: |139910803131840|I|  - IT_L12K4SCC_ELE_CROC.bit
06.06.2023 10:22:35: |139910803131840|I|  - IT_L12-KSU-3QUAD_ELE_RD53A.bit
06.06.2023 10:22:35: |139910803131840|I|  - SCC_ELE_RD53A_v4-5.bit
06.06.2023 10:22:35: |139910803131840|I|  - QUAD_ELE_RD53A_v4-5.bit
06.06.2023 10:22:35: |140552912141760|I| [1m[34mLoading SCC_ELE_RD53A_v4-6.bit into the FPGA...[0m
06.06.2023 10:22:40: |140552912141760|I| Firmware image: SCC_ELE_RD53A_v4-6.bit loaded on FPGA
06.06.2023 10:22:40: |140552912141760|I| [1m[34m>>> Done <<<[0m
06.06.2023 10:46:11: |140011870432704|I| 16 firmware images on SD card:
06.06.2023 10:46:11: |140011870432704|I|  - GoldenImage.bin
06.06.2023 10:46:11: |140011870432704|I|  - QUAD_ELE_RD53A_v4-5_re.bit
06.06.2023 10:46:11: |140011870432704|I|  - SCC_L12-KSU-L8-KSU_1G28_v41.bit
06.06.2023 10:46:11: |140011870432704|I|  - QUAD_ELE_CROC_v4-5.bit
06.06.2023 10:46:11: |140011870432704|I|  - SCC_ELE_CROC_v4-6.bit
06.06.2023 10:46:11: |140011870432704|I|  - QUAD_ELE_CROC_v4-6.bit
06.06.2023 10:46:11: |140011870432704|I|  - SCC_ELE_RD53A_v4-6.bit
06.06.2023 10:46:11: |140011870432704|I|  - QUAD_ELE_RD53A_v4-6.bit
06.06.2023 10:46:11: |140011870432704|I|  - IT4_02__RD53A_x1G28.bit
06.06.2023 10:46:11: |140011870432704|I|  - IT-L12K4SCC-RD53A.bit
06.06.2023 10:46:11: |140011870432704|I|  - IT-RD53A-QUAD-v4_02.bit
06.06.2023 10:46:11: |140011870432704|I|  - IT_L12K4SCC_ELE_RD53.bit
06.06.2023 10:46:11: |140011870432704|I|  - IT_L12K4SCC_ELE_CROC.bit
06.06.2023 10:46:11: |140011870432704|I|  - IT_L12-KSU-3QUAD_ELE_RD53A.bit
06.06.2023 10:46:11: |140011870432704|I|  - SCC_ELE_RD53A_v4-5.bit
06.06.2023 10:46:11: |140011870432704|I|  - QUAD_ELE_RD53A_v4-5.bit
06.06.2023 10:46:11: |139972408901056|I| [1m[34mLoading SCC_ELE_RD53A_v4-6.bit into the FPGA...[0m
06.06.2023 10:46:16: |139972408901056|I| Firmware image: SCC_ELE_RD53A_v4-6.bit loaded on FPGA
06.06.2023 10:46:16: |139972408901056|I| [1m[34m>>> Done <<<[0m
06.06.2023 10:48:47: |140255530057152|I| 16 firmware images on SD card:
06.06.2023 10:48:47: |140255530057152|I|  - GoldenImage.bin
06.06.2023 10:48:47: |140255530057152|I|  - QUAD_ELE_RD53A_v4-5_re.bit
06.06.2023 10:48:47: |140255530057152|I|  - SCC_L12-KSU-L8-KSU_1G28_v41.bit
06.06.2023 10:48:47: |140255530057152|I|  - QUAD_ELE_CROC_v4-5.bit
06.06.2023 10:48:47: |140255530057152|I|  - SCC_ELE_CROC_v4-6.bit
06.06.2023 10:48:47: |140255530057152|I|  - QUAD_ELE_CROC_v4-6.bit
06.06.2023 10:48:47: |140255530057152|I|  - SCC_ELE_RD53A_v4-6.bit
06.06.2023 10:48:47: |140255530057152|I|  - QUAD_ELE_RD53A_v4-6.bit
06.06.2023 10:48:47: |140255530057152|I|  - IT4_02__RD53A_x1G28.bit
06.06.2023 10:48:47: |140255530057152|I|  - IT-L12K4SCC-RD53A.bit
06.06.2023 10:48:47: |140255530057152|I|  - IT-RD53A-QUAD-v4_02.bit
06.06.2023 10:48:47: |140255530057152|I|  - IT_L12K4SCC_ELE_RD53.bit
06.06.2023 10:48:47: |140255530057152|I|  - IT_L12K4SCC_ELE_CROC.bit
06.06.2023 10:48:47: |140255530057152|I|  - IT_L12-KSU-3QUAD_ELE_RD53A.bit
06.06.2023 10:48:47: |140255530057152|I|  - SCC_ELE_RD53A_v4-5.bit
06.06.2023 10:48:47: |140255530057152|I|  - QUAD_ELE_RD53A_v4-5.bit
06.06.2023 10:48:47: |140168021204416|I| [1m[34mLoading SCC_ELE_RD53A_v4-6.bit into the FPGA...[0m
06.06.2023 10:48:52: |140168021204416|I| Firmware image: SCC_ELE_RD53A_v4-6.bit loaded on FPGA
06.06.2023 10:48:52: |140168021204416|I| [1m[34m>>> Done <<<[0m
>>>>>>> 57c8eefa123b1a739bdb69acf8d525e34e4f724b
06.06.2023 11:29:30: |139927981587904|I| 16 firmware images on SD card:
06.06.2023 11:29:30: |139927981587904|I|  - GoldenImage.bin
06.06.2023 11:29:30: |139927981587904|I|  - QUAD_ELE_RD53A_v4-5_re.bit
06.06.2023 11:29:30: |139927981587904|I|  - SCC_L12-KSU-L8-KSU_1G28_v41.bit
06.06.2023 11:29:30: |139927981587904|I|  - QUAD_ELE_CROC_v4-5.bit
06.06.2023 11:29:30: |139927981587904|I|  - SCC_ELE_CROC_v4-6.bit
06.06.2023 11:29:30: |139927981587904|I|  - QUAD_ELE_CROC_v4-6.bit
06.06.2023 11:29:30: |139927981587904|I|  - SCC_ELE_RD53A_v4-6.bit
06.06.2023 11:29:30: |139927981587904|I|  - QUAD_ELE_RD53A_v4-6.bit
06.06.2023 11:29:30: |139927981587904|I|  - IT4_02__RD53A_x1G28.bit
06.06.2023 11:29:30: |139927981587904|I|  - IT-L12K4SCC-RD53A.bit
06.06.2023 11:29:30: |139927981587904|I|  - IT-RD53A-QUAD-v4_02.bit
06.06.2023 11:29:30: |139927981587904|I|  - IT_L12K4SCC_ELE_RD53.bit
06.06.2023 11:29:30: |139927981587904|I|  - IT_L12K4SCC_ELE_CROC.bit
06.06.2023 11:29:30: |139927981587904|I|  - IT_L12-KSU-3QUAD_ELE_RD53A.bit
06.06.2023 11:29:30: |139927981587904|I|  - SCC_ELE_RD53A_v4-5.bit
06.06.2023 11:29:30: |139927981587904|I|  - QUAD_ELE_RD53A_v4-5.bit
06.06.2023 11:29:30: |140502332460480|I| [1m[34mLoading SCC_ELE_RD53A_v4-6.bit into the FPGA...[0m
06.06.2023 11:29:36: |140502332460480|I| Firmware image: SCC_ELE_RD53A_v4-6.bit loaded on FPGA
06.06.2023 11:29:36: |140502332460480|I| [1m[34m>>> Done <<<[0m
06.06.2023 11:50:48: |139769094655424|I| 16 firmware images on SD card:
06.06.2023 11:50:48: |139769094655424|I|  - GoldenImage.bin
06.06.2023 11:50:48: |139769094655424|I|  - QUAD_ELE_RD53A_v4-5_re.bit
06.06.2023 11:50:48: |139769094655424|I|  - SCC_L12-KSU-L8-KSU_1G28_v41.bit
06.06.2023 11:50:48: |139769094655424|I|  - QUAD_ELE_CROC_v4-5.bit
06.06.2023 11:50:48: |139769094655424|I|  - SCC_ELE_CROC_v4-6.bit
06.06.2023 11:50:48: |139769094655424|I|  - QUAD_ELE_CROC_v4-6.bit
06.06.2023 11:50:48: |139769094655424|I|  - SCC_ELE_RD53A_v4-6.bit
06.06.2023 11:50:48: |139769094655424|I|  - QUAD_ELE_RD53A_v4-6.bit
06.06.2023 11:50:48: |139769094655424|I|  - IT4_02__RD53A_x1G28.bit
06.06.2023 11:50:48: |139769094655424|I|  - IT-L12K4SCC-RD53A.bit
06.06.2023 11:50:48: |139769094655424|I|  - IT-RD53A-QUAD-v4_02.bit
06.06.2023 11:50:48: |139769094655424|I|  - IT_L12K4SCC_ELE_RD53.bit
06.06.2023 11:50:48: |139769094655424|I|  - IT_L12K4SCC_ELE_CROC.bit
06.06.2023 11:50:48: |139769094655424|I|  - IT_L12-KSU-3QUAD_ELE_RD53A.bit
06.06.2023 11:50:48: |139769094655424|I|  - SCC_ELE_RD53A_v4-5.bit
06.06.2023 11:50:48: |139769094655424|I|  - QUAD_ELE_RD53A_v4-5.bit
06.06.2023 11:50:48: |140097911807424|I| [1m[34mLoading SCC_ELE_RD53A_v4-6.bit into the FPGA...[0m
06.06.2023 11:50:53: |140097911807424|I| Firmware image: SCC_ELE_RD53A_v4-6.bit loaded on FPGA
06.06.2023 11:50:53: |140097911807424|I| [1m[34m>>> Done <<<[0m
>>>>>>> 3c4112048be6968c9481f8b69cf7d4fd69bb7858
12.06.2023 12:11:47: |140318319660480|I| 16 firmware images on SD card:
12.06.2023 12:11:47: |140318319660480|I|  - GoldenImage.bin
12.06.2023 12:11:47: |140318319660480|I|  - QUAD_ELE_RD53A_v4-5_re.bit
12.06.2023 12:11:47: |140318319660480|I|  - SCC_L12-KSU-L8-KSU_1G28_v41.bit
12.06.2023 12:11:47: |140318319660480|I|  - QUAD_ELE_CROC_v4-5.bit
12.06.2023 12:11:47: |140318319660480|I|  - SCC_ELE_CROC_v4-6.bit
12.06.2023 12:11:47: |140318319660480|I|  - QUAD_ELE_CROC_v4-6.bit
12.06.2023 12:11:47: |140318319660480|I|  - SCC_ELE_RD53A_v4-6.bit
12.06.2023 12:11:47: |140318319660480|I|  - QUAD_ELE_RD53A_v4-6.bit
12.06.2023 12:11:47: |140318319660480|I|  - IT4_02__RD53A_x1G28.bit
12.06.2023 12:11:47: |140318319660480|I|  - IT-L12K4SCC-RD53A.bit
12.06.2023 12:11:47: |140318319660480|I|  - IT-RD53A-QUAD-v4_02.bit
12.06.2023 12:11:47: |140318319660480|I|  - IT_L12K4SCC_ELE_RD53.bit
12.06.2023 12:11:47: |140318319660480|I|  - IT_L12K4SCC_ELE_CROC.bit
12.06.2023 12:11:47: |140318319660480|I|  - IT_L12-KSU-3QUAD_ELE_RD53A.bit
12.06.2023 12:11:47: |140318319660480|I|  - SCC_ELE_RD53A_v4-5.bit
12.06.2023 12:11:47: |140318319660480|I|  - QUAD_ELE_RD53A_v4-5.bit
12.06.2023 12:11:47: |139727931121088|I| [1m[34mLoading QUAD_ELE_RD53A_v4-6.bit into the FPGA...[0m
12.06.2023 12:11:53: |139727931121088|I| Firmware image: QUAD_ELE_RD53A_v4-6.bit loaded on FPGA
12.06.2023 12:11:53: |139727931121088|I| [1m[34m>>> Done <<<[0m
12.06.2023 12:13:22: |140343679614400|I| 16 firmware images on SD card:
12.06.2023 12:13:22: |140343679614400|I|  - GoldenImage.bin
12.06.2023 12:13:22: |140343679614400|I|  - QUAD_ELE_RD53A_v4-5_re.bit
12.06.2023 12:13:22: |140343679614400|I|  - SCC_L12-KSU-L8-KSU_1G28_v41.bit
12.06.2023 12:13:22: |140343679614400|I|  - QUAD_ELE_CROC_v4-5.bit
12.06.2023 12:13:22: |140343679614400|I|  - SCC_ELE_CROC_v4-6.bit
12.06.2023 12:13:22: |140343679614400|I|  - QUAD_ELE_CROC_v4-6.bit
12.06.2023 12:13:22: |140343679614400|I|  - SCC_ELE_RD53A_v4-6.bit
12.06.2023 12:13:22: |140343679614400|I|  - QUAD_ELE_RD53A_v4-6.bit
12.06.2023 12:13:22: |140343679614400|I|  - IT4_02__RD53A_x1G28.bit
12.06.2023 12:13:22: |140343679614400|I|  - IT-L12K4SCC-RD53A.bit
12.06.2023 12:13:22: |140343679614400|I|  - IT-RD53A-QUAD-v4_02.bit
12.06.2023 12:13:22: |140343679614400|I|  - IT_L12K4SCC_ELE_RD53.bit
12.06.2023 12:13:22: |140343679614400|I|  - IT_L12K4SCC_ELE_CROC.bit
12.06.2023 12:13:22: |140343679614400|I|  - IT_L12-KSU-3QUAD_ELE_RD53A.bit
12.06.2023 12:13:22: |140343679614400|I|  - SCC_ELE_RD53A_v4-5.bit
12.06.2023 12:13:22: |140343679614400|I|  - QUAD_ELE_RD53A_v4-5.bit
12.06.2023 12:13:22: |140697858788800|I| [1m[34mLoading QUAD_ELE_RD53A_v4-6.bit into the FPGA...[0m
12.06.2023 12:13:27: |140697858788800|I| Firmware image: QUAD_ELE_RD53A_v4-6.bit loaded on FPGA
12.06.2023 12:13:27: |140697858788800|I| [1m[34m>>> Done <<<[0m
12.06.2023 12:15:01: |140513769229760|I| 16 firmware images on SD card:
12.06.2023 12:15:01: |140513769229760|I|  - GoldenImage.bin
12.06.2023 12:15:01: |140513769229760|I|  - QUAD_ELE_RD53A_v4-5_re.bit
12.06.2023 12:15:01: |140513769229760|I|  - SCC_L12-KSU-L8-KSU_1G28_v41.bit
12.06.2023 12:15:01: |140513769229760|I|  - QUAD_ELE_CROC_v4-5.bit
12.06.2023 12:15:01: |140513769229760|I|  - SCC_ELE_CROC_v4-6.bit
12.06.2023 12:15:01: |140513769229760|I|  - QUAD_ELE_CROC_v4-6.bit
12.06.2023 12:15:01: |140513769229760|I|  - SCC_ELE_RD53A_v4-6.bit
12.06.2023 12:15:01: |140513769229760|I|  - QUAD_ELE_RD53A_v4-6.bit
12.06.2023 12:15:01: |140513769229760|I|  - IT4_02__RD53A_x1G28.bit
12.06.2023 12:15:01: |140513769229760|I|  - IT-L12K4SCC-RD53A.bit
12.06.2023 12:15:01: |140513769229760|I|  - IT-RD53A-QUAD-v4_02.bit
12.06.2023 12:15:01: |140513769229760|I|  - IT_L12K4SCC_ELE_RD53.bit
12.06.2023 12:15:01: |140513769229760|I|  - IT_L12K4SCC_ELE_CROC.bit
12.06.2023 12:15:01: |140513769229760|I|  - IT_L12-KSU-3QUAD_ELE_RD53A.bit
12.06.2023 12:15:01: |140513769229760|I|  - SCC_ELE_RD53A_v4-5.bit
12.06.2023 12:15:01: |140513769229760|I|  - QUAD_ELE_RD53A_v4-5.bit
12.06.2023 12:15:01: |140683330784704|I| [1m[34mLoading QUAD_ELE_RD53A_v4-6.bit into the FPGA...[0m
12.06.2023 12:15:06: |140683330784704|I| Firmware image: QUAD_ELE_RD53A_v4-6.bit loaded on FPGA
12.06.2023 12:15:06: |140683330784704|I| [1m[34m>>> Done <<<[0m
12.06.2023 12:18:19: |139793751518656|I| 16 firmware images on SD card:
12.06.2023 12:18:19: |139793751518656|I|  - GoldenImage.bin
12.06.2023 12:18:19: |139793751518656|I|  - QUAD_ELE_RD53A_v4-5_re.bit
12.06.2023 12:18:19: |139793751518656|I|  - SCC_L12-KSU-L8-KSU_1G28_v41.bit
12.06.2023 12:18:19: |139793751518656|I|  - QUAD_ELE_CROC_v4-5.bit
12.06.2023 12:18:19: |139793751518656|I|  - SCC_ELE_CROC_v4-6.bit
12.06.2023 12:18:19: |139793751518656|I|  - QUAD_ELE_CROC_v4-6.bit
12.06.2023 12:18:19: |139793751518656|I|  - SCC_ELE_RD53A_v4-6.bit
12.06.2023 12:18:19: |139793751518656|I|  - QUAD_ELE_RD53A_v4-6.bit
12.06.2023 12:18:19: |139793751518656|I|  - IT4_02__RD53A_x1G28.bit
12.06.2023 12:18:19: |139793751518656|I|  - IT-L12K4SCC-RD53A.bit
12.06.2023 12:18:19: |139793751518656|I|  - IT-RD53A-QUAD-v4_02.bit
12.06.2023 12:18:19: |139793751518656|I|  - IT_L12K4SCC_ELE_RD53.bit
12.06.2023 12:18:19: |139793751518656|I|  - IT_L12K4SCC_ELE_CROC.bit
12.06.2023 12:18:19: |139793751518656|I|  - IT_L12-KSU-3QUAD_ELE_RD53A.bit
12.06.2023 12:18:19: |139793751518656|I|  - SCC_ELE_RD53A_v4-5.bit
12.06.2023 12:18:19: |139793751518656|I|  - QUAD_ELE_RD53A_v4-5.bit
12.06.2023 12:18:19: |140264133676480|I| [1m[34mLoading QUAD_ELE_RD53A_v4-6.bit into the FPGA...[0m
12.06.2023 12:18:24: |140264133676480|I| Firmware image: QUAD_ELE_RD53A_v4-6.bit loaded on FPGA
12.06.2023 12:18:24: |140264133676480|I| [1m[34m>>> Done <<<[0m
13.06.2023 10:45:05: |140519934533056|I| 16 firmware images on SD card:
13.06.2023 10:45:05: |140519934533056|I|  - GoldenImage.bin
13.06.2023 10:45:05: |140519934533056|I|  - QUAD_ELE_RD53A_v4-5_re.bit
13.06.2023 10:45:05: |140519934533056|I|  - SCC_L12-KSU-L8-KSU_1G28_v41.bit
13.06.2023 10:45:05: |140519934533056|I|  - QUAD_ELE_CROC_v4-5.bit
13.06.2023 10:45:05: |140519934533056|I|  - SCC_ELE_CROC_v4-6.bit
13.06.2023 10:45:05: |140519934533056|I|  - QUAD_ELE_CROC_v4-6.bit
13.06.2023 10:45:05: |140519934533056|I|  - SCC_ELE_RD53A_v4-6.bit
13.06.2023 10:45:05: |140519934533056|I|  - QUAD_ELE_RD53A_v4-6.bit
13.06.2023 10:45:05: |140519934533056|I|  - IT4_02__RD53A_x1G28.bit
13.06.2023 10:45:05: |140519934533056|I|  - IT-L12K4SCC-RD53A.bit
13.06.2023 10:45:05: |140519934533056|I|  - IT-RD53A-QUAD-v4_02.bit
13.06.2023 10:45:05: |140519934533056|I|  - IT_L12K4SCC_ELE_RD53.bit
13.06.2023 10:45:05: |140519934533056|I|  - IT_L12K4SCC_ELE_CROC.bit
13.06.2023 10:45:05: |140519934533056|I|  - IT_L12-KSU-3QUAD_ELE_RD53A.bit
13.06.2023 10:45:05: |140519934533056|I|  - SCC_ELE_RD53A_v4-5.bit
13.06.2023 10:45:05: |140519934533056|I|  - QUAD_ELE_RD53A_v4-5.bit
13.06.2023 10:45:05: |140654786059712|I| [1m[34mLoading QUAD_ELE_RD53A_v4-6.bit into the FPGA...[0m
13.06.2023 10:45:10: |140654786059712|I| Firmware image: QUAD_ELE_RD53A_v4-6.bit loaded on FPGA
13.06.2023 10:45:10: |140654786059712|I| [1m[34m>>> Done <<<[0m
13.06.2023 11:23:15: |140189183933888|I| 16 firmware images on SD card:
13.06.2023 11:23:15: |140189183933888|I|  - GoldenImage.bin
13.06.2023 11:23:15: |140189183933888|I|  - QUAD_ELE_RD53A_v4-5_re.bit
13.06.2023 11:23:15: |140189183933888|I|  - SCC_L12-KSU-L8-KSU_1G28_v41.bit
13.06.2023 11:23:15: |140189183933888|I|  - QUAD_ELE_CROC_v4-5.bit
13.06.2023 11:23:15: |140189183933888|I|  - SCC_ELE_CROC_v4-6.bit
13.06.2023 11:23:15: |140189183933888|I|  - QUAD_ELE_CROC_v4-6.bit
13.06.2023 11:23:15: |140189183933888|I|  - SCC_ELE_RD53A_v4-6.bit
13.06.2023 11:23:15: |140189183933888|I|  - QUAD_ELE_RD53A_v4-6.bit
13.06.2023 11:23:15: |140189183933888|I|  - IT4_02__RD53A_x1G28.bit
13.06.2023 11:23:15: |140189183933888|I|  - IT-L12K4SCC-RD53A.bit
13.06.2023 11:23:15: |140189183933888|I|  - IT-RD53A-QUAD-v4_02.bit
13.06.2023 11:23:15: |140189183933888|I|  - IT_L12K4SCC_ELE_RD53.bit
13.06.2023 11:23:15: |140189183933888|I|  - IT_L12K4SCC_ELE_CROC.bit
13.06.2023 11:23:15: |140189183933888|I|  - IT_L12-KSU-3QUAD_ELE_RD53A.bit
13.06.2023 11:23:15: |140189183933888|I|  - SCC_ELE_RD53A_v4-5.bit
13.06.2023 11:23:15: |140189183933888|I|  - QUAD_ELE_RD53A_v4-5.bit
13.06.2023 11:23:15: |139903860694464|I| [1m[34mLoading QUAD_ELE_CROC_v4-6.bit into the FPGA...[0m
13.06.2023 11:23:20: |139903860694464|I| Firmware image: QUAD_ELE_CROC_v4-6.bit loaded on FPGA
13.06.2023 11:23:20: |139903860694464|I| [1m[34m>>> Done <<<[0m
13.06.2023 11:25:13: |139946510712256|I| 16 firmware images on SD card:
13.06.2023 11:25:13: |139946510712256|I|  - GoldenImage.bin
13.06.2023 11:25:13: |139946510712256|I|  - QUAD_ELE_RD53A_v4-5_re.bit
13.06.2023 11:25:13: |139946510712256|I|  - SCC_L12-KSU-L8-KSU_1G28_v41.bit
13.06.2023 11:25:13: |139946510712256|I|  - QUAD_ELE_CROC_v4-5.bit
13.06.2023 11:25:13: |139946510712256|I|  - SCC_ELE_CROC_v4-6.bit
13.06.2023 11:25:13: |139946510712256|I|  - QUAD_ELE_CROC_v4-6.bit
13.06.2023 11:25:13: |139946510712256|I|  - SCC_ELE_RD53A_v4-6.bit
13.06.2023 11:25:13: |139946510712256|I|  - QUAD_ELE_RD53A_v4-6.bit
13.06.2023 11:25:13: |139946510712256|I|  - IT4_02__RD53A_x1G28.bit
13.06.2023 11:25:13: |139946510712256|I|  - IT-L12K4SCC-RD53A.bit
13.06.2023 11:25:13: |139946510712256|I|  - IT-RD53A-QUAD-v4_02.bit
13.06.2023 11:25:13: |139946510712256|I|  - IT_L12K4SCC_ELE_RD53.bit
13.06.2023 11:25:13: |139946510712256|I|  - IT_L12K4SCC_ELE_CROC.bit
13.06.2023 11:25:13: |139946510712256|I|  - IT_L12-KSU-3QUAD_ELE_RD53A.bit
13.06.2023 11:25:13: |139946510712256|I|  - SCC_ELE_RD53A_v4-5.bit
13.06.2023 11:25:13: |139946510712256|I|  - QUAD_ELE_RD53A_v4-5.bit
13.06.2023 11:25:13: |139842747485632|I| [1m[34mLoading QUAD_ELE_CROC_v4-6.bit into the FPGA...[0m
13.06.2023 11:25:18: |139842747485632|I| Firmware image: QUAD_ELE_CROC_v4-6.bit loaded on FPGA
13.06.2023 11:25:18: |139842747485632|I| [1m[34m>>> Done <<<[0m
13.06.2023 11:28:18: |140598049410496|I| 16 firmware images on SD card:
13.06.2023 11:28:18: |140598049410496|I|  - GoldenImage.bin
13.06.2023 11:28:18: |140598049410496|I|  - QUAD_ELE_RD53A_v4-5_re.bit
13.06.2023 11:28:18: |140598049410496|I|  - SCC_L12-KSU-L8-KSU_1G28_v41.bit
13.06.2023 11:28:18: |140598049410496|I|  - QUAD_ELE_CROC_v4-5.bit
13.06.2023 11:28:18: |140598049410496|I|  - SCC_ELE_CROC_v4-6.bit
13.06.2023 11:28:18: |140598049410496|I|  - QUAD_ELE_CROC_v4-6.bit
13.06.2023 11:28:18: |140598049410496|I|  - SCC_ELE_RD53A_v4-6.bit
13.06.2023 11:28:18: |140598049410496|I|  - QUAD_ELE_RD53A_v4-6.bit
13.06.2023 11:28:18: |140598049410496|I|  - IT4_02__RD53A_x1G28.bit
13.06.2023 11:28:18: |140598049410496|I|  - IT-L12K4SCC-RD53A.bit
13.06.2023 11:28:18: |140598049410496|I|  - IT-RD53A-QUAD-v4_02.bit
13.06.2023 11:28:18: |140598049410496|I|  - IT_L12K4SCC_ELE_RD53.bit
13.06.2023 11:28:18: |140598049410496|I|  - IT_L12K4SCC_ELE_CROC.bit
13.06.2023 11:28:18: |140598049410496|I|  - IT_L12-KSU-3QUAD_ELE_RD53A.bit
13.06.2023 11:28:18: |140598049410496|I|  - SCC_ELE_RD53A_v4-5.bit
13.06.2023 11:28:18: |140598049410496|I|  - QUAD_ELE_RD53A_v4-5.bit
13.06.2023 11:28:18: |139875637427648|I| [1m[34mLoading QUAD_ELE_CROC_v4-6.bit into the FPGA...[0m
13.06.2023 11:28:23: |139875637427648|I| Firmware image: QUAD_ELE_CROC_v4-6.bit loaded on FPGA
13.06.2023 11:28:23: |139875637427648|I| [1m[34m>>> Done <<<[0m
13.06.2023 11:40:15: |140689431674304|I| 16 firmware images on SD card:
13.06.2023 11:40:15: |140689431674304|I|  - GoldenImage.bin
13.06.2023 11:40:15: |140689431674304|I|  - QUAD_ELE_RD53A_v4-5_re.bit
13.06.2023 11:40:15: |140689431674304|I|  - SCC_L12-KSU-L8-KSU_1G28_v41.bit
13.06.2023 11:40:15: |140689431674304|I|  - QUAD_ELE_CROC_v4-5.bit
13.06.2023 11:40:15: |140689431674304|I|  - SCC_ELE_CROC_v4-6.bit
13.06.2023 11:40:15: |140689431674304|I|  - QUAD_ELE_CROC_v4-6.bit
13.06.2023 11:40:15: |140689431674304|I|  - SCC_ELE_RD53A_v4-6.bit
13.06.2023 11:40:15: |140689431674304|I|  - QUAD_ELE_RD53A_v4-6.bit
13.06.2023 11:40:15: |140689431674304|I|  - IT4_02__RD53A_x1G28.bit
13.06.2023 11:40:15: |140689431674304|I|  - IT-L12K4SCC-RD53A.bit
13.06.2023 11:40:15: |140689431674304|I|  - IT-RD53A-QUAD-v4_02.bit
13.06.2023 11:40:15: |140689431674304|I|  - IT_L12K4SCC_ELE_RD53.bit
13.06.2023 11:40:15: |140689431674304|I|  - IT_L12K4SCC_ELE_CROC.bit
13.06.2023 11:40:15: |140689431674304|I|  - IT_L12-KSU-3QUAD_ELE_RD53A.bit
13.06.2023 11:40:15: |140689431674304|I|  - SCC_ELE_RD53A_v4-5.bit
13.06.2023 11:40:15: |140689431674304|I|  - QUAD_ELE_RD53A_v4-5.bit
13.06.2023 11:40:15: |140285905747392|I| [1m[34mLoading QUAD_ELE_CROC_v4-6.bit into the FPGA...[0m
13.06.2023 11:40:20: |140285905747392|I| Firmware image: QUAD_ELE_CROC_v4-6.bit loaded on FPGA
13.06.2023 11:40:20: |140285905747392|I| [1m[34m>>> Done <<<[0m
13.06.2023 11:45:29: |140095562845632|I| 16 firmware images on SD card:
13.06.2023 11:45:29: |140095562845632|I|  - GoldenImage.bin
13.06.2023 11:45:29: |140095562845632|I|  - QUAD_ELE_RD53A_v4-5_re.bit
13.06.2023 11:45:29: |140095562845632|I|  - SCC_L12-KSU-L8-KSU_1G28_v41.bit
13.06.2023 11:45:29: |140095562845632|I|  - QUAD_ELE_CROC_v4-5.bit
13.06.2023 11:45:29: |140095562845632|I|  - SCC_ELE_CROC_v4-6.bit
13.06.2023 11:45:29: |140095562845632|I|  - QUAD_ELE_CROC_v4-6.bit
13.06.2023 11:45:29: |140095562845632|I|  - SCC_ELE_RD53A_v4-6.bit
13.06.2023 11:45:29: |140095562845632|I|  - QUAD_ELE_RD53A_v4-6.bit
13.06.2023 11:45:29: |140095562845632|I|  - IT4_02__RD53A_x1G28.bit
13.06.2023 11:45:29: |140095562845632|I|  - IT-L12K4SCC-RD53A.bit
13.06.2023 11:45:29: |140095562845632|I|  - IT-RD53A-QUAD-v4_02.bit
13.06.2023 11:45:29: |140095562845632|I|  - IT_L12K4SCC_ELE_RD53.bit
13.06.2023 11:45:29: |140095562845632|I|  - IT_L12K4SCC_ELE_CROC.bit
13.06.2023 11:45:29: |140095562845632|I|  - IT_L12-KSU-3QUAD_ELE_RD53A.bit
13.06.2023 11:45:29: |140095562845632|I|  - SCC_ELE_RD53A_v4-5.bit
13.06.2023 11:45:29: |140095562845632|I|  - QUAD_ELE_RD53A_v4-5.bit
13.06.2023 11:45:29: |140041809264064|I| [1m[34mLoading QUAD_ELE_CROC_v4-6.bit into the FPGA...[0m
13.06.2023 11:45:34: |140041809264064|I| Firmware image: QUAD_ELE_CROC_v4-6.bit loaded on FPGA
13.06.2023 11:45:34: |140041809264064|I| [1m[34m>>> Done <<<[0m
13.06.2023 11:47:58: |139890128190912|I| 16 firmware images on SD card:
13.06.2023 11:47:58: |139890128190912|I|  - GoldenImage.bin
13.06.2023 11:47:58: |139890128190912|I|  - QUAD_ELE_RD53A_v4-5_re.bit
13.06.2023 11:47:58: |139890128190912|I|  - SCC_L12-KSU-L8-KSU_1G28_v41.bit
13.06.2023 11:47:58: |139890128190912|I|  - QUAD_ELE_CROC_v4-5.bit
13.06.2023 11:47:58: |139890128190912|I|  - SCC_ELE_CROC_v4-6.bit
13.06.2023 11:47:58: |139890128190912|I|  - QUAD_ELE_CROC_v4-6.bit
13.06.2023 11:47:58: |139890128190912|I|  - SCC_ELE_RD53A_v4-6.bit
13.06.2023 11:47:58: |139890128190912|I|  - QUAD_ELE_RD53A_v4-6.bit
13.06.2023 11:47:58: |139890128190912|I|  - IT4_02__RD53A_x1G28.bit
13.06.2023 11:47:58: |139890128190912|I|  - IT-L12K4SCC-RD53A.bit
13.06.2023 11:47:58: |139890128190912|I|  - IT-RD53A-QUAD-v4_02.bit
13.06.2023 11:47:58: |139890128190912|I|  - IT_L12K4SCC_ELE_RD53.bit
13.06.2023 11:47:58: |139890128190912|I|  - IT_L12K4SCC_ELE_CROC.bit
13.06.2023 11:47:58: |139890128190912|I|  - IT_L12-KSU-3QUAD_ELE_RD53A.bit
13.06.2023 11:47:58: |139890128190912|I|  - SCC_ELE_RD53A_v4-5.bit
13.06.2023 11:47:58: |139890128190912|I|  - QUAD_ELE_RD53A_v4-5.bit
13.06.2023 11:47:58: |140354959146432|I| [1m[34mLoading QUAD_ELE_CROC_v4-6.bit into the FPGA...[0m
13.06.2023 11:48:03: |140354959146432|I| Firmware image: QUAD_ELE_CROC_v4-6.bit loaded on FPGA
13.06.2023 11:48:03: |140354959146432|I| [1m[34m>>> Done <<<[0m
13.06.2023 11:55:11: |140416708931008|I| 16 firmware images on SD card:
13.06.2023 11:55:11: |140416708931008|I|  - GoldenImage.bin
13.06.2023 11:55:11: |140416708931008|I|  - QUAD_ELE_RD53A_v4-5_re.bit
13.06.2023 11:55:11: |140416708931008|I|  - SCC_L12-KSU-L8-KSU_1G28_v41.bit
13.06.2023 11:55:11: |140416708931008|I|  - QUAD_ELE_CROC_v4-5.bit
13.06.2023 11:55:11: |140416708931008|I|  - SCC_ELE_CROC_v4-6.bit
13.06.2023 11:55:11: |140416708931008|I|  - QUAD_ELE_CROC_v4-6.bit
13.06.2023 11:55:11: |140416708931008|I|  - SCC_ELE_RD53A_v4-6.bit
13.06.2023 11:55:11: |140416708931008|I|  - QUAD_ELE_RD53A_v4-6.bit
13.06.2023 11:55:11: |140416708931008|I|  - IT4_02__RD53A_x1G28.bit
13.06.2023 11:55:11: |140416708931008|I|  - IT-L12K4SCC-RD53A.bit
13.06.2023 11:55:11: |140416708931008|I|  - IT-RD53A-QUAD-v4_02.bit
13.06.2023 11:55:11: |140416708931008|I|  - IT_L12K4SCC_ELE_RD53.bit
13.06.2023 11:55:11: |140416708931008|I|  - IT_L12K4SCC_ELE_CROC.bit
13.06.2023 11:55:11: |140416708931008|I|  - IT_L12-KSU-3QUAD_ELE_RD53A.bit
13.06.2023 11:55:11: |140416708931008|I|  - SCC_ELE_RD53A_v4-5.bit
13.06.2023 11:55:11: |140416708931008|I|  - QUAD_ELE_RD53A_v4-5.bit
13.06.2023 11:55:11: |139713437806016|I| [1m[34mLoading QUAD_ELE_CROC_v4-6.bit into the FPGA...[0m
13.06.2023 11:55:16: |139713437806016|I| Firmware image: QUAD_ELE_CROC_v4-6.bit loaded on FPGA
13.06.2023 11:55:16: |139713437806016|I| [1m[34m>>> Done <<<[0m
13.06.2023 11:59:32: |140490833194432|I| 16 firmware images on SD card:
13.06.2023 11:59:32: |140490833194432|I|  - GoldenImage.bin
13.06.2023 11:59:32: |140490833194432|I|  - QUAD_ELE_RD53A_v4-5_re.bit
13.06.2023 11:59:32: |140490833194432|I|  - SCC_L12-KSU-L8-KSU_1G28_v41.bit
13.06.2023 11:59:32: |140490833194432|I|  - QUAD_ELE_CROC_v4-5.bit
13.06.2023 11:59:32: |140490833194432|I|  - SCC_ELE_CROC_v4-6.bit
13.06.2023 11:59:32: |140490833194432|I|  - QUAD_ELE_CROC_v4-6.bit
13.06.2023 11:59:32: |140490833194432|I|  - SCC_ELE_RD53A_v4-6.bit
13.06.2023 11:59:32: |140490833194432|I|  - QUAD_ELE_RD53A_v4-6.bit
13.06.2023 11:59:32: |140490833194432|I|  - IT4_02__RD53A_x1G28.bit
13.06.2023 11:59:32: |140490833194432|I|  - IT-L12K4SCC-RD53A.bit
13.06.2023 11:59:32: |140490833194432|I|  - IT-RD53A-QUAD-v4_02.bit
13.06.2023 11:59:32: |140490833194432|I|  - IT_L12K4SCC_ELE_RD53.bit
13.06.2023 11:59:32: |140490833194432|I|  - IT_L12K4SCC_ELE_CROC.bit
13.06.2023 11:59:32: |140490833194432|I|  - IT_L12-KSU-3QUAD_ELE_RD53A.bit
13.06.2023 11:59:32: |140490833194432|I|  - SCC_ELE_RD53A_v4-5.bit
13.06.2023 11:59:32: |140490833194432|I|  - QUAD_ELE_RD53A_v4-5.bit
13.06.2023 11:59:32: |140666357910976|I| [1m[34mLoading QUAD_ELE_CROC_v4-6.bit into the FPGA...[0m
13.06.2023 11:59:37: |140666357910976|I| Firmware image: QUAD_ELE_CROC_v4-6.bit loaded on FPGA
13.06.2023 11:59:37: |140666357910976|I| [1m[34m>>> Done <<<[0m
13.06.2023 12:01:53: |140185844612544|I| 16 firmware images on SD card:
13.06.2023 12:01:53: |140185844612544|I|  - GoldenImage.bin
13.06.2023 12:01:53: |140185844612544|I|  - QUAD_ELE_RD53A_v4-5_re.bit
13.06.2023 12:01:53: |140185844612544|I|  - SCC_L12-KSU-L8-KSU_1G28_v41.bit
13.06.2023 12:01:53: |140185844612544|I|  - QUAD_ELE_CROC_v4-5.bit
13.06.2023 12:01:53: |140185844612544|I|  - SCC_ELE_CROC_v4-6.bit
13.06.2023 12:01:53: |140185844612544|I|  - QUAD_ELE_CROC_v4-6.bit
13.06.2023 12:01:53: |140185844612544|I|  - SCC_ELE_RD53A_v4-6.bit
13.06.2023 12:01:53: |140185844612544|I|  - QUAD_ELE_RD53A_v4-6.bit
13.06.2023 12:01:53: |140185844612544|I|  - IT4_02__RD53A_x1G28.bit
13.06.2023 12:01:53: |140185844612544|I|  - IT-L12K4SCC-RD53A.bit
13.06.2023 12:01:53: |140185844612544|I|  - IT-RD53A-QUAD-v4_02.bit
13.06.2023 12:01:53: |140185844612544|I|  - IT_L12K4SCC_ELE_RD53.bit
13.06.2023 12:01:53: |140185844612544|I|  - IT_L12K4SCC_ELE_CROC.bit
13.06.2023 12:01:53: |140185844612544|I|  - IT_L12-KSU-3QUAD_ELE_RD53A.bit
13.06.2023 12:01:53: |140185844612544|I|  - SCC_ELE_RD53A_v4-5.bit
13.06.2023 12:01:53: |140185844612544|I|  - QUAD_ELE_RD53A_v4-5.bit
13.06.2023 12:01:53: |140421112442304|I| [1m[34mLoading QUAD_ELE_CROC_v4-6.bit into the FPGA...[0m
13.06.2023 12:01:58: |140421112442304|I| Firmware image: QUAD_ELE_CROC_v4-6.bit loaded on FPGA
13.06.2023 12:01:58: |140421112442304|I| [1m[34m>>> Done <<<[0m
