15.04.2021 13:21 ||I| CMS Ph2_ACF  Data acquisition test and Data dump

Available options
-----------------
-h, --help
    Print this help page

-l, --list
    Print the list of available firmware images on SD card (works only with
    CTA boards)

-d <value>, --delete <value>
    Delete a firmware image on SD card (works only with CTA boards)

-f <value>, --file <value>
    Local FPGA Bitstream file (*.mcs format for GLIB or *.bit/*.bin format for
    CTA boards)

--download <value>, -o <value>
    Download an FPGA configuration from SD card to file (only for CTA boards)

-c <value>, --config <value>
    Hw Description File . Default value: settings/HWDescription_2CBC.xml

-i <value>, --image <value>
    Without -f: load image from SD card to FPGA
    With    -f: name of image written to SD card
    -f specifies the source filename

Return codes
-----------------
    0     Success
    1     Error

