15.04.2022 15:56 ||I| Init PS with LVPowerSupply.xml
15.04.2022 15:56 ||I| Turn on output on channel Front on power supply LVKeySight
15.04.2022 15:56 ||I| [1m[37mLVKeySight status of channel Front:[0m
15.04.2022 15:57 ||I| 	IsOn:		[1m[37m0[0m
15.04.2022 15:57 ||I| 	V_max(set):		[1m[37m0.000000[0m
15.04.2022 15:57 ||I| 	V(meas):	[1m[37m0.000000[0m
15.04.2022 15:57 ||I| 	I_max(set):	[1m[37m0.000000[0m
15.04.2022 15:57 ||I| 	I(meas):	[1m[37m-[0m
15.04.2022 15:57 ||I| Init PS with LVPowerSupply.xml
15.04.2022 15:57 ||I| Turn off output on channel Front on power supply LVKeySight
15.04.2022 15:57 ||I| [1m[37mLVKeySight status of channel Front:[0m
15.04.2022 15:57 ||I| 	IsOn:		[1m[37m0[0m
15.04.2022 15:57 ||I| 	V_max(set):		[1m[37m0.000000[0m
15.04.2022 15:57 ||I| 	V(meas):	[1m[37m0.000000[0m
15.04.2022 15:57 ||I| 	I_max(set):	[1m[37m0.000000[0m
15.04.2022 15:57 ||I| 	I(meas):	[1m[37m-[0m
15.04.2022 15:57 ||I| Init PS with LVPowerSupply.xml
15.04.2022 15:57 ||I| [1m[37mLVKeySight status of channel Front:[0m
15.04.2022 15:57 ||I| 	IsOn:		[1m[37m1[0m
15.04.2022 15:57 ||I| 	V_max(set):		[1m[37m0.000000[0m
15.04.2022 15:57 ||I| 	V(meas):	[1m[37m0.000000[0m
15.04.2022 15:57 ||I| 	I_max(set):	[1m[37m0.000000[0m
15.04.2022 15:57 ||I| 	I(meas):	[1m[37m20.000000[0m
15.04.2022 15:58 ||I| Init PS with LVPowerSupply.xml
15.04.2022 15:58 ||I| [1m[37mLVKeySight status of channel Front:[0m
15.04.2022 15:58 ||I| 	IsOn:		[1m[37m1[0m
15.04.2022 15:58 ||I| 	V_max(set):		[1m[37m0.000000[0m
15.04.2022 15:58 ||I| 	V(meas):	[1m[37m0.000000[0m
15.04.2022 15:58 ||I| 	I_max(set):	[1m[37m0.000000[0m
15.04.2022 15:58 ||I| 	I(meas):	[1m[37m20.000000[0m
15.04.2022 15:58 ||I| Init PS with HVPowerSupply.xml
15.04.2022 15:58 ||I| [1m[37mHVKeithley status of channel Front:[0m
15.04.2022 15:58 ||I| 	IsOn:		[1m[37m0[0m
15.04.2022 15:58 ||I| 	V_max(set):		[1m[37m21.000000[0m
15.04.2022 15:58 ||I| 	V(meas):	[1m[37m0.000000[0m
15.04.2022 15:58 ||I| 	I_max(set):	[1m[37m0.100000[0m
15.04.2022 15:58 ||I| 	I(meas):	[1m[37m-[0m
15.04.2022 15:58 ||I| Init PS with HVPowerSupply.xml
15.04.2022 15:58 ||I| [1m[37mHVKeithley status of channel Front:[0m
15.04.2022 15:58 ||I| 	IsOn:		[1m[37m0[0m
15.04.2022 15:58 ||I| 	V_max(set):		[1m[37m21.000000[0m
15.04.2022 15:58 ||I| 	V(meas):	[1m[37m0.000000[0m
15.04.2022 15:58 ||I| 	I_max(set):	[1m[37m0.100000[0m
15.04.2022 15:58 ||I| 	I(meas):	[1m[37m-[0m
15.04.2022 15:58 ||I| Init PS with HVPowerSupply.xml
15.04.2022 15:58 ||I| [1m[37mHVKeithley status of channel Front:[0m
15.04.2022 15:58 ||I| 	IsOn:		[1m[37m0[0m
15.04.2022 15:58 ||I| 	V_max(set):		[1m[37m21.000000[0m
15.04.2022 15:58 ||I| 	V(meas):	[1m[37m0.000000[0m
15.04.2022 15:58 ||I| 	I_max(set):	[1m[37m0.100000[0m
15.04.2022 15:58 ||I| 	I(meas):	[1m[37m-[0m
15.04.2022 15:58 ||I| Init PS with HVPowerSupply.xml
15.04.2022 15:58 ||I| Turn on output on channel Front on power supply HVKeithley
15.04.2022 15:58 ||I| [1m[37mHVKeithley status of channel Front:[0m
15.04.2022 15:58 ||I| 	IsOn:		[1m[37m1[0m
15.04.2022 15:58 ||I| 	V_max(set):		[1m[37m21.000000[0m
15.04.2022 15:58 ||I| 	V(meas):	[1m[37m149.963303[0m
15.04.2022 15:58 ||I| 	I_max(set):	[1m[37m0.100000[0m
15.04.2022 15:58 ||I| 	I(meas):	[1m[37m-0.000000[0m
15.04.2022 15:58 ||I| Init PS with HVPowerSupply.xml
15.04.2022 15:58 ||I| [1m[37mHVKeithley status of channel Front:[0m
15.04.2022 15:58 ||I| 	IsOn:		[1m[37m1[0m
15.04.2022 15:58 ||I| 	V_max(set):		[1m[37m21.000000[0m
15.04.2022 15:58 ||I| 	V(meas):	[1m[37m149.964493[0m
15.04.2022 15:58 ||I| 	I_max(set):	[1m[37m0.100000[0m
15.04.2022 15:58 ||I| 	I(meas):	[1m[37m-0.000000[0m
15.04.2022 15:59 ||I| Init PS with HVPowerSupply.xml
15.04.2022 15:59 ||I| [1m[37mHVKeithley status of channel Front:[0m
15.04.2022 15:59 ||I| 	IsOn:		[1m[37m1[0m
15.04.2022 15:59 ||I| 	V_max(set):		[1m[37m21.000000[0m
15.04.2022 15:59 ||I| 	V(meas):	[1m[37m149.964706[0m
15.04.2022 15:59 ||I| 	I_max(set):	[1m[37m0.100000[0m
15.04.2022 15:59 ||I| 	I(meas):	[1m[37m-0.000000[0m
15.04.2022 15:59 ||I| Init PS with HVPowerSupply.xml
15.04.2022 15:59 ||I| [1m[37mHVKeithley status of channel Front:[0m
15.04.2022 15:59 ||I| 	IsOn:		[1m[37m1[0m
15.04.2022 15:59 ||I| 	V_max(set):		[1m[37m21.000000[0m
15.04.2022 15:59 ||I| 	V(meas):	[1m[37m149.964600[0m
15.04.2022 15:59 ||I| 	I_max(set):	[1m[37m0.100000[0m
15.04.2022 15:59 ||I| 	I(meas):	[1m[37m-0.000000[0m
15.04.2022 16:00 ||I| Init PS with HVPowerSupply.xml
15.04.2022 16:00 ||I| [1m[37mHVKeithley status of channel Front:[0m
15.04.2022 16:00 ||I| 	IsOn:		[1m[37m1[0m
15.04.2022 16:00 ||I| 	V_max(set):		[1m[37m21.000000[0m
15.04.2022 16:00 ||I| 	V(meas):	[1m[37m20.999439[0m
15.04.2022 16:00 ||I| 	I_max(set):	[1m[37m0.100000[0m
15.04.2022 16:00 ||I| 	I(meas):	[1m[37m-0.000000[0m
15.04.2022 16:01 ||I| Init PS with HVPowerSupply.xml
15.04.2022 16:01 ||I| [1m[37mHVKeithley status of channel Front:[0m
15.04.2022 16:01 ||I| 	IsOn:		[1m[37m1[0m
15.04.2022 16:01 ||I| 	V_max(set):		[1m[37m21.000000[0m
15.04.2022 16:01 ||I| 	V(meas):	[1m[37m20.999491[0m
15.04.2022 16:01 ||I| 	I_max(set):	[1m[37m0.100000[0m
15.04.2022 16:01 ||I| 	I(meas):	[1m[37m-0.000000[0m
15.04.2022 16:01 ||I| Init PS with HVPowerSupply.xml
15.04.2022 16:01 ||I| [1m[37mHVKeithley status of channel Front:[0m
15.04.2022 16:01 ||I| 	IsOn:		[1m[37m1[0m
15.04.2022 16:01 ||I| 	V_max(set):		[1m[37m21.000000[0m
15.04.2022 16:01 ||I| 	V(meas):	[1m[37m20.999420[0m
15.04.2022 16:01 ||I| 	I_max(set):	[1m[37m0.100000[0m
15.04.2022 16:01 ||I| 	I(meas):	[1m[37m-0.000000[0m
15.04.2022 16:01 ||I| Init PS with HVPowerSupply.xml
15.04.2022 16:01 ||I| [1m[37mHVKeithley status of channel Front:[0m
15.04.2022 16:01 ||I| 	IsOn:		[1m[37m1[0m
15.04.2022 16:01 ||I| 	V_max(set):		[1m[37m21.000000[0m
15.04.2022 16:01 ||I| 	V(meas):	[1m[37m20.999359[0m
15.04.2022 16:01 ||I| 	I_max(set):	[1m[37m0.100000[0m
15.04.2022 16:01 ||I| 	I(meas):	[1m[37m-0.000000[0m
15.04.2022 16:01 ||I| Init PS with HVPowerSupply.xml
15.04.2022 16:01 ||I| [1m[37mHVKeithley status of channel Front:[0m
15.04.2022 16:01 ||I| 	IsOn:		[1m[37m1[0m
15.04.2022 16:01 ||I| 	V_max(set):		[1m[37m21.000000[0m
15.04.2022 16:01 ||I| 	V(meas):	[1m[37m20.999390[0m
15.04.2022 16:01 ||I| 	I_max(set):	[1m[37m0.100000[0m
15.04.2022 16:01 ||I| 	I(meas):	[1m[37m-0.000000[0m
15.04.2022 16:01 ||I| Init PS with HVPowerSupply.xml
15.04.2022 16:01 ||I| [1m[37mHVKeithley status of channel Front:[0m
15.04.2022 16:01 ||I| 	IsOn:		[1m[37m1[0m
15.04.2022 16:01 ||I| 	V_max(set):		[1m[37m21.000000[0m
15.04.2022 16:01 ||I| 	V(meas):	[1m[37m20.999380[0m
15.04.2022 16:01 ||I| 	I_max(set):	[1m[37m0.100000[0m
15.04.2022 16:01 ||I| 	I(meas):	[1m[37m-0.000000[0m
15.04.2022 16:01 ||I| Init PS with HVPowerSupply.xml
15.04.2022 16:01 ||I| [1m[37mHVKeithley status of channel Front:[0m
15.04.2022 16:01 ||I| 	IsOn:		[1m[37m1[0m
15.04.2022 16:01 ||I| 	V_max(set):		[1m[37m21.000000[0m
15.04.2022 16:01 ||I| 	V(meas):	[1m[37m0.209935[0m
15.04.2022 16:01 ||I| 	I_max(set):	[1m[37m0.100000[0m
15.04.2022 16:01 ||I| 	I(meas):	[1m[37m-0.000000[0m
15.04.2022 16:01 ||I| Init PS with HVPowerSupply.xml
15.04.2022 16:01 ||I| [1m[37mHVKeithley status of channel Front:[0m
15.04.2022 16:01 ||I| 	IsOn:		[1m[37m1[0m
15.04.2022 16:01 ||I| 	V_max(set):		[1m[37m21.000000[0m
15.04.2022 16:01 ||I| 	V(meas):	[1m[37m0.209934[0m
15.04.2022 16:01 ||I| 	I_max(set):	[1m[37m0.100000[0m
15.04.2022 16:01 ||I| 	I(meas):	[1m[37m-0.000000[0m
15.04.2022 16:01 ||I| Init PS with HVPowerSupply.xml
15.04.2022 16:01 ||I| [1m[37mHVKeithley status of channel Front:[0m
15.04.2022 16:01 ||I| 	IsOn:		[1m[37m1[0m
15.04.2022 16:01 ||I| 	V_max(set):		[1m[37m21.000000[0m
15.04.2022 16:01 ||I| 	V(meas):	[1m[37m0.209934[0m
15.04.2022 16:01 ||I| 	I_max(set):	[1m[37m0.100000[0m
15.04.2022 16:01 ||I| 	I(meas):	[1m[37m-0.000000[0m
15.04.2022 16:02 ||I| Init PS with HVPowerSupply.xml
15.04.2022 16:02 ||I| [1m[37mHVKeithley status of channel Front:[0m
15.04.2022 16:02 ||I| 	IsOn:		[1m[37m1[0m
15.04.2022 16:02 ||I| 	V_max(set):		[1m[37m21.000000[0m
15.04.2022 16:02 ||I| 	V(meas):	[1m[37m0.209933[0m
15.04.2022 16:02 ||I| 	I_max(set):	[1m[37m0.100000[0m
15.04.2022 16:02 ||I| 	I(meas):	[1m[37m-0.000000[0m
15.04.2022 16:02 ||I| Init PS with HVPowerSupply.xml
15.04.2022 16:02 ||I| [1m[37mHVKeithley status of channel Front:[0m
15.04.2022 16:02 ||I| 	IsOn:		[1m[37m1[0m
15.04.2022 16:02 ||I| 	V_max(set):		[1m[37m21.000000[0m
15.04.2022 16:02 ||I| 	V(meas):	[1m[37m0.209933[0m
15.04.2022 16:02 ||I| 	I_max(set):	[1m[37m0.100000[0m
15.04.2022 16:02 ||I| 	I(meas):	[1m[37m-0.000000[0m
15.04.2022 16:02 ||I| Init PS with HVPowerSupply.xml
15.04.2022 16:02 ||I| Turn off output on channel Front on power supply HVKeithley
15.04.2022 16:02 ||I| [1m[37mHVKeithley status of channel Front:[0m
15.04.2022 16:02 ||I| 	IsOn:		[1m[37m0[0m
15.04.2022 16:02 ||I| 	V_max(set):		[1m[37m21.000000[0m
15.04.2022 16:02 ||I| 	V(meas):	[1m[37m0.000000[0m
15.04.2022 16:02 ||I| 	I_max(set):	[1m[37m0.100000[0m
15.04.2022 16:02 ||I| 	I(meas):	[1m[37m-[0m
15.04.2022 16:02 ||I| Init PS with HVPowerSupply.xml
15.04.2022 16:02 ||I| [1m[37mHVKeithley status of channel Front:[0m
15.04.2022 16:02 ||I| 	IsOn:		[1m[37m0[0m
15.04.2022 16:02 ||I| 	V_max(set):		[1m[37m21.000000[0m
15.04.2022 16:02 ||I| 	V(meas):	[1m[37m0.000000[0m
15.04.2022 16:02 ||I| 	I_max(set):	[1m[37m0.100000[0m
15.04.2022 16:02 ||I| 	I(meas):	[1m[37m-[0m
15.04.2022 16:02 ||I| Init PS with HVPowerSupply.xml
15.04.2022 16:02 ||I| [1m[37mHVKeithley status of channel Front:[0m
15.04.2022 16:02 ||I| 	IsOn:		[1m[37m0[0m
15.04.2022 16:02 ||I| 	V_max(set):		[1m[37m21.000000[0m
15.04.2022 16:02 ||I| 	V(meas):	[1m[37m0.000000[0m
15.04.2022 16:02 ||I| 	I_max(set):	[1m[37m0.100000[0m
15.04.2022 16:02 ||I| 	I(meas):	[1m[37m-[0m
15.04.2022 16:02 ||I| Init PS with HVPowerSupply.xml
15.04.2022 16:02 ||I| [1m[37mHVKeithley status of channel Front:[0m
15.04.2022 16:02 ||I| 	IsOn:		[1m[37m0[0m
15.04.2022 16:02 ||I| 	V_max(set):		[1m[37m21.000000[0m
15.04.2022 16:02 ||I| 	V(meas):	[1m[37m0.000000[0m
15.04.2022 16:02 ||I| 	I_max(set):	[1m[37m0.100000[0m
15.04.2022 16:02 ||I| 	I(meas):	[1m[37m-[0m
15.04.2022 16:03 ||I| Init PS with HVPowerSupply.xml
15.04.2022 16:03 ||I| [1m[37mHVKeithley status of channel Front:[0m
15.04.2022 16:03 ||I| 	IsOn:		[1m[37m0[0m
15.04.2022 16:03 ||I| 	V_max(set):		[1m[37m21.000000[0m
15.04.2022 16:03 ||I| 	V(meas):	[1m[37m0.000000[0m
15.04.2022 16:03 ||I| 	I_max(set):	[1m[37m0.100000[0m
15.04.2022 16:03 ||I| 	I(meas):	[1m[37m-[0m
15.04.2022 16:03 ||I| Init PS with HVPowerSupply.xml
15.04.2022 16:03 ||I| Turn on output on channel Front on power supply HVKeithley
15.04.2022 16:03 ||I| [1m[37mHVKeithley status of channel Front:[0m
15.04.2022 16:03 ||I| 	IsOn:		[1m[37m1[0m
15.04.2022 16:03 ||I| 	V_max(set):		[1m[37m21.000000[0m
15.04.2022 16:03 ||I| 	V(meas):	[1m[37m0.209278[0m
15.04.2022 16:03 ||I| 	I_max(set):	[1m[37m0.100000[0m
15.04.2022 16:03 ||I| 	I(meas):	[1m[37m-0.000000[0m
15.04.2022 16:03 ||I| Init PS with LVPowerSupply.xml
15.04.2022 16:03 ||I| [1m[37mLVKeySight status of channel Front:[0m
15.04.2022 16:03 ||I| 	IsOn:		[1m[37m1[0m
15.04.2022 16:03 ||I| 	V_max(set):		[1m[37m0.000000[0m
15.04.2022 16:03 ||I| 	V(meas):	[1m[37m0.000000[0m
15.04.2022 16:03 ||I| 	I_max(set):	[1m[37m0.000000[0m
15.04.2022 16:03 ||I| 	I(meas):	[1m[37m20.000000[0m
15.04.2022 16:08 ||I| Init PS with LVPowerSupply.xml
15.04.2022 16:08 ||I| [1m[37mLVKeySight status of channel Front:[0m
15.04.2022 16:08 ||I| 	IsOn:		[1m[37m1[0m
15.04.2022 16:08 ||I| 	V_max(set):		[1m[37m0.000000[0m
15.04.2022 16:08 ||I| 	V(meas):	[1m[37m0.000000[0m
15.04.2022 16:08 ||I| 	I_max(set):	[1m[37m0.000000[0m
15.04.2022 16:08 ||I| 	I(meas):	[1m[37m20.000000[0m
